0 info it worked if it ends with ok
1 verbose cli [ '/usr/bin/node',
1 verbose cli   '/usr/bin/npm',
1 verbose cli   'install',
1 verbose cli   'connect',
1 verbose cli   'serve-statatic',
1 verbose cli   '-g' ]
2 info using npm@1.4.28
3 info using node@v0.10.40
4 verbose node symlink /usr/bin/node
5 verbose cache add [ 'connect', null ]
6 verbose cache add name=undefined spec="connect" args=["connect",null]
7 verbose parsed url { protocol: null,
7 verbose parsed url   slashes: null,
7 verbose parsed url   auth: null,
7 verbose parsed url   host: null,
7 verbose parsed url   port: null,
7 verbose parsed url   hostname: null,
7 verbose parsed url   hash: null,
7 verbose parsed url   search: null,
7 verbose parsed url   query: null,
7 verbose parsed url   pathname: 'connect',
7 verbose parsed url   path: 'connect',
7 verbose parsed url   href: 'connect' }
8 verbose cache add [ 'serve-statatic', null ]
9 verbose cache add name=undefined spec="serve-statatic" args=["serve-statatic",null]
10 verbose parsed url { protocol: null,
10 verbose parsed url   slashes: null,
10 verbose parsed url   auth: null,
10 verbose parsed url   host: null,
10 verbose parsed url   port: null,
10 verbose parsed url   hostname: null,
10 verbose parsed url   hash: null,
10 verbose parsed url   search: null,
10 verbose parsed url   query: null,
10 verbose parsed url   pathname: 'serve-statatic',
10 verbose parsed url   path: 'serve-statatic',
10 verbose parsed url   href: 'serve-statatic' }
11 silly lockFile f11a107f-connect connect
12 verbose lock connect /home/vagrant/.npm/f11a107f-connect.lock
13 silly lockFile 0d30872c-serve-statatic serve-statatic
14 verbose lock serve-statatic /home/vagrant/.npm/0d30872c-serve-statatic.lock
15 silly lockFile f11a107f-connect connect
16 silly lockFile f11a107f-connect connect
17 silly lockFile 0d30872c-serve-statatic serve-statatic
18 silly lockFile 0d30872c-serve-statatic serve-statatic
19 verbose addNamed [ 'connect', '' ]
20 verbose addNamed [ null, '*' ]
21 silly lockFile 6c45e0f3-connect connect@
22 verbose lock connect@ /home/vagrant/.npm/6c45e0f3-connect.lock
23 verbose addNamed [ 'serve-statatic', '' ]
24 verbose addNamed [ null, '*' ]
25 silly lockFile d189b946-serve-statatic serve-statatic@
26 verbose lock serve-statatic@ /home/vagrant/.npm/d189b946-serve-statatic.lock
27 silly addNameRange { name: 'connect', range: '*', hasData: false }
28 verbose registry.get https://registry.npmjs.org/connect not expired, no request
29 silly addNameRange number 2 { name: 'connect', range: '*', hasData: true }
30 silly addNameRange versions [ 'connect',
30 silly addNameRange   [ '0.0.1',
30 silly addNameRange     '0.0.2',
30 silly addNameRange     '0.0.3',
30 silly addNameRange     '0.0.4',
30 silly addNameRange     '0.0.5',
30 silly addNameRange     '0.0.6',
30 silly addNameRange     '0.1.0',
30 silly addNameRange     '0.2.0',
30 silly addNameRange     '0.2.1',
30 silly addNameRange     '0.2.2',
30 silly addNameRange     '0.2.3',
30 silly addNameRange     '0.2.4',
30 silly addNameRange     '0.2.5',
30 silly addNameRange     '0.2.6',
30 silly addNameRange     '0.2.7',
30 silly addNameRange     '0.3.0',
30 silly addNameRange     '0.4.0',
30 silly addNameRange     '0.5.0',
30 silly addNameRange     '0.5.1',
30 silly addNameRange     '0.5.2',
30 silly addNameRange     '0.5.3',
30 silly addNameRange     '0.5.4',
30 silly addNameRange     '0.5.5',
30 silly addNameRange     '0.5.6',
30 silly addNameRange     '0.5.7',
30 silly addNameRange     '0.5.8',
30 silly addNameRange     '0.5.9',
30 silly addNameRange     '0.5.10',
30 silly addNameRange     '1.0.0',
30 silly addNameRange     '1.0.1',
30 silly addNameRange     '1.0.2',
30 silly addNameRange     '1.0.3',
30 silly addNameRange     '1.0.4',
30 silly addNameRange     '1.0.5',
30 silly addNameRange     '1.0.6',
30 silly addNameRange     '1.1.0',
30 silly addNameRange     '1.1.1',
30 silly addNameRange     '1.1.2',
30 silly addNameRange     '1.1.3',
30 silly addNameRange     '1.1.4',
30 silly addNameRange     '1.1.5',
30 silly addNameRange     '1.2.0',
30 silly addNameRange     '1.2.1',
30 silly addNameRange     '1.2.2',
30 silly addNameRange     '1.2.3',
30 silly addNameRange     '1.3.0',
30 silly addNameRange     '1.4.0',
30 silly addNameRange     '1.4.1',
30 silly addNameRange     '1.4.2',
30 silly addNameRange     '1.4.3',
30 silly addNameRange     '1.4.4',
30 silly addNameRange     '1.4.5',
30 silly addNameRange     '1.4.6',
30 silly addNameRange     '1.5.0',
30 silly addNameRange     '1.5.1',
30 silly addNameRange     '1.5.2',
30 silly addNameRange     '1.6.0',
30 silly addNameRange     '1.6.1',
30 silly addNameRange     '1.6.2',
30 silly addNameRange     '1.6.3',
30 silly addNameRange     '1.6.4',
30 silly addNameRange     '1.7.0',
30 silly addNameRange     '1.7.1',
30 silly addNameRange     '1.7.2',
30 silly addNameRange     '1.7.3',
30 silly addNameRange     '1.8.0',
30 silly addNameRange     '1.8.1',
30 silly addNameRange     '1.8.2',
30 silly addNameRange     '1.8.3',
30 silly addNameRange     '1.8.4',
30 silly addNameRange     '1.8.5',
30 silly addNameRange     '2.0.0',
30 silly addNameRange     '2.0.1',
30 silly addNameRange     '2.0.2',
30 silly addNameRange     '2.0.3',
30 silly addNameRange     '1.8.6',
30 silly addNameRange     '2.1.0',
30 silly addNameRange     '2.1.1',
30 silly addNameRange     '2.1.2',
30 silly addNameRange     '1.8.7',
30 silly addNameRange     '2.1.3',
30 silly addNameRange     '2.2.0',
30 silly addNameRange     '2.2.1',
30 silly addNameRange     '2.2.2',
30 silly addNameRange     '2.3.0',
30 silly addNameRange     '2.3.1',
30 silly addNameRange     '2.3.2',
30 silly addNameRange     '2.3.3',
30 silly addNameRange     '1.9.0',
30 silly addNameRange     '1.9.1',
30 silly addNameRange     '2.3.4',
30 silly addNameRange     '2.3.5',
30 silly addNameRange     '2.3.6',
30 silly addNameRange     '2.3.7',
30 silly addNameRange     '1.9.2',
30 silly addNameRange     '2.3.8',
30 silly addNameRange     '2.3.9',
30 silly addNameRange     '2.4.0',
30 silly addNameRange     '2.4.1',
30 silly addNameRange     '2.4.2',
30 silly addNameRange     '2.4.3',
30 silly addNameRange     '2.4.4',
30 silly addNameRange     '2.4.5',
30 silly addNameRange     '2.4.6',
30 silly addNameRange     '2.5.0',
30 silly addNameRange     '2.6.0',
30 silly addNameRange     '2.6.1',
30 silly addNameRange     '2.6.2',
30 silly addNameRange     '2.7.0',
30 silly addNameRange     '2.7.1',
30 silly addNameRange     '2.7.2',
30 silly addNameRange     '2.7.3',
30 silly addNameRange     '2.7.4',
30 silly addNameRange     '2.7.5',
30 silly addNameRange     '2.7.6',
30 silly addNameRange     '2.7.7',
30 silly addNameRange     '2.7.8',
30 silly addNameRange     '2.7.9',
30 silly addNameRange     '2.7.10',
30 silly addNameRange     '2.7.11',
30 silly addNameRange     '2.8.0',
30 silly addNameRange     '2.8.1',
30 silly addNameRange     '2.8.2',
30 silly addNameRange     '2.8.3',
30 silly addNameRange     '2.8.4',
30 silly addNameRange     '2.8.5',
30 silly addNameRange     '2.8.6',
30 silly addNameRange     '2.8.7',
30 silly addNameRange     '2.8.8',
30 silly addNameRange     '2.9.0',
30 silly addNameRange     '2.9.1',
30 silly addNameRange     '2.9.2',
30 silly addNameRange     '2.10.0',
30 silly addNameRange     '2.10.1',
30 silly addNameRange     '2.11.0',
30 silly addNameRange     '2.11.1',
30 silly addNameRange     '2.11.2',
30 silly addNameRange     '2.12.0',
30 silly addNameRange     '2.13.0',
30 silly addNameRange     '2.13.1',
30 silly addNameRange     '2.14.0',
30 silly addNameRange     '2.14.1',
30 silly addNameRange     '3.0.0-rc.1',
30 silly addNameRange     '2.14.2',
30 silly addNameRange     '2.14.3',
30 silly addNameRange     '2.14.4',
30 silly addNameRange     '2.14.5',
30 silly addNameRange     '2.15.0',
30 silly addNameRange     '3.0.0-rc.2',
30 silly addNameRange     '2.16.0',
30 silly addNameRange     '2.16.1',
30 silly addNameRange     '2.16.2',
30 silly addNameRange     '2.17.0',
30 silly addNameRange     '2.17.1',
30 silly addNameRange     '2.17.2',
30 silly addNameRange     '2.17.3',
30 silly addNameRange     '2.18.0',
30 silly addNameRange     '3.0.0',
30 silly addNameRange     '2.19.0',
30 silly addNameRange     '2.19.1',
30 silly addNameRange     '2.19.2',
30 silly addNameRange     '2.19.3',
30 silly addNameRange     '2.19.4',
30 silly addNameRange     '2.19.5',
30 silly addNameRange     '2.19.6',
30 silly addNameRange     '2.20.0',
30 silly addNameRange     '2.20.1',
30 silly addNameRange     '2.20.2',
30 silly addNameRange     '3.0.1',
30 silly addNameRange     '2.21.0',
30 silly addNameRange     '2.21.1',
30 silly addNameRange     '2.22.0',
30 silly addNameRange     '2.23.0',
30 silly addNameRange     '3.0.2',
30 silly addNameRange     '2.24.0',
30 silly addNameRange     '3.1.0',
30 silly addNameRange     '2.24.1',
30 silly addNameRange     '2.24.2',
30 silly addNameRange     '2.24.3',
30 silly addNameRange     '2.25.0',
30 silly addNameRange     '2.25.1',
30 silly addNameRange     '2.25.2',
30 silly addNameRange     '2.25.3',
30 silly addNameRange     '2.25.4',
30 silly addNameRange     '3.1.1',
30 silly addNameRange     '2.25.5',
30 silly addNameRange     '2.25.6',
30 silly addNameRange     '2.25.7',
30 silly addNameRange     '2.25.8',
30 silly addNameRange     '2.25.9',
30 silly addNameRange     '2.25.10',
30 silly addNameRange     '2.26.0',
30 silly addNameRange     '3.2.0',
30 silly addNameRange     '2.26.1',
30 silly addNameRange     '2.26.2',
30 silly addNameRange     '2.26.3',
30 silly addNameRange     '2.26.4',
30 silly addNameRange     '2.26.5',
30 silly addNameRange     '2.26.6',
30 silly addNameRange     '2.27.0',
30 silly addNameRange     '3.3.0',
30 silly addNameRange     '2.27.1',
30 silly addNameRange     '3.3.1',
30 silly addNameRange     '2.27.2',
30 silly addNameRange     '3.3.2',
30 silly addNameRange     '2.27.3',
30 silly addNameRange     '3.3.3',
30 silly addNameRange     '2.27.4',
30 silly addNameRange     '2.27.5',
30 silly addNameRange     '2.27.6',
30 silly addNameRange     '2.28.0',
30 silly addNameRange     '3.3.4',
30 silly addNameRange     '2.28.1',
30 silly addNameRange     '2.28.2',
30 silly addNameRange     '2.28.3',
30 silly addNameRange     '2.29.0',
30 silly addNameRange     '2.29.1',
30 silly addNameRange     '3.3.5',
30 silly addNameRange     '2.29.2',
30 silly addNameRange     '2.30.0',
30 silly addNameRange     '3.4.0',
30 silly addNameRange     '2.30.1',
30 silly addNameRange     '2.30.2' ] ]
31 verbose addNamed [ 'connect', '3.4.0' ]
32 verbose addNamed [ '3.4.0', '3.4.0' ]
33 silly lockFile 3cbd8129-connect-3-4-0 connect@3.4.0
34 verbose lock connect@3.4.0 /home/vagrant/.npm/3cbd8129-connect-3-4-0.lock
35 silly lockFile 3cbd8129-connect-3-4-0 connect@3.4.0
36 silly lockFile 3cbd8129-connect-3-4-0 connect@3.4.0
37 silly lockFile 6c45e0f3-connect connect@
38 silly lockFile 6c45e0f3-connect connect@
39 silly addNameRange { name: 'serve-statatic', range: '*', hasData: false }
40 verbose request where is /serve-statatic
41 verbose request registry https://registry.npmjs.org/
42 verbose request id d883124905859484
43 verbose url raw /serve-statatic
44 verbose url resolving [ 'https://registry.npmjs.org/', './serve-statatic' ]
45 verbose url resolved https://registry.npmjs.org/serve-statatic
46 verbose request where is https://registry.npmjs.org/serve-statatic
47 info trying registry request attempt 1 at 18:58:51
48 http GET https://registry.npmjs.org/serve-statatic
49 http 404 https://registry.npmjs.org/serve-statatic
50 silly registry.get cb [ 404,
50 silly registry.get   { 'content-type': 'application/json',
50 silly registry.get     'cache-control': 'max-age=0',
50 silly registry.get     'content-length': '2',
50 silly registry.get     'accept-ranges': 'bytes',
50 silly registry.get     date: 'Mon, 28 Sep 2015 18:58:56 GMT',
50 silly registry.get     via: '1.1 varnish',
50 silly registry.get     age: '0',
50 silly registry.get     connection: 'keep-alive',
50 silly registry.get     'x-served-by': 'cache-fra1220-FRA',
50 silly registry.get     'x-cache': 'MISS',
50 silly registry.get     'x-cache-hits': '0',
50 silly registry.get     'x-timer': 'S1443466736.821233,VS0,VE110' } ]
51 silly lockFile d189b946-serve-statatic serve-statatic@
52 silly lockFile d189b946-serve-statatic serve-statatic@
53 error 404 Not Found
53 error 404
53 error 404 'serve-statatic' is not in the npm registry.
53 error 404 You should bug the author to publish it
53 error 404
53 error 404 Note that you can also install from a
53 error 404 tarball, folder, or http url, or git url.
54 error System Linux 3.13.0-45-generic
55 error command "/usr/bin/node" "/usr/bin/npm" "install" "connect" "serve-statatic" "-g"
56 error cwd /vagrant
57 error node -v v0.10.40
58 error npm -v 1.4.28
59 error code E404
60 verbose exit [ 1, true ]
