0 info it worked if it ends with ok
1 verbose cli [ '/usr/local/bin/node',
1 verbose cli   '/usr/local/bin/npm',
1 verbose cli   'install',
1 verbose cli   '--save',
1 verbose cli   'getmac' ]
2 info using npm@2.11.2
3 info using node@v0.12.5
4 verbose install initial load of /home/kjartan/projects/overskya/package.json
5 warn package.json overskya@1.0.0 No repository field.
6 verbose installManyTop reading scoped package data from /home/kjartan/projects/overskya/node_modules/cpuinfo/package.json
7 verbose installManyTop reading scoped package data from /home/kjartan/projects/overskya/node_modules/external-ip/package.json
8 verbose installManyTop reading scoped package data from /home/kjartan/projects/overskya/node_modules/node-proc/package.json
9 info package.json cpuinfo@0.1.0 No repository field.
10 verbose readDependencies loading dependencies from /home/kjartan/projects/overskya/package.json
11 silly cache add args [ 'getmac', null ]
12 verbose cache add spec getmac
13 silly cache add parsed spec { raw: 'getmac',
13 silly cache add   scope: null,
13 silly cache add   name: 'getmac',
13 silly cache add   rawSpec: '',
13 silly cache add   spec: '*',
13 silly cache add   type: 'range' }
14 silly addNamed getmac@*
15 verbose addNamed "*" is a valid semver range for getmac
16 silly addNameRange { name: 'getmac', range: '*', hasData: false }
17 silly mapToRegistry name getmac
18 silly mapToRegistry using default registry
19 silly mapToRegistry registry https://registry.npmjs.org/
20 silly mapToRegistry uri https://registry.npmjs.org/getmac
21 verbose addNameRange registry:https://registry.npmjs.org/getmac not in flight; fetching
22 verbose request uri https://registry.npmjs.org/getmac
23 verbose request no auth needed
24 info attempt registry request try #1 at 11:48:21
25 verbose request id 3e4afdb50455d9df
26 http request GET https://registry.npmjs.org/getmac
27 http 200 https://registry.npmjs.org/getmac
28 silly get cb [ 200,
28 silly get   { server: 'CouchDB/1.5.0 (Erlang OTP/R16B03)',
28 silly get     etag: '"597O6S2Y3J6HRM2UQDCGDXBE3"',
28 silly get     'content-type': 'application/json',
28 silly get     'cache-control': 'max-age=60',
28 silly get     'content-length': '15716',
28 silly get     'accept-ranges': 'bytes',
28 silly get     date: 'Sat, 26 Sep 2015 09:47:42 GMT',
28 silly get     via: '1.1 varnish',
28 silly get     age: '0',
28 silly get     connection: 'keep-alive',
28 silly get     'x-served-by': 'cache-fra1246-FRA',
28 silly get     'x-cache': 'HIT',
28 silly get     'x-cache-hits': '1',
28 silly get     'x-timer': 'S1443260862.536902,VS0,VE176',
28 silly get     vary: 'Accept' } ]
29 verbose get saving getmac to /home/kjartan/.npm/registry.npmjs.org/getmac/.cache.json
30 silly addNameRange number 2 { name: 'getmac', range: '*', hasData: true }
31 silly addNameRange versions [ 'getmac',
31 silly addNameRange   [ '1.0.0',
31 silly addNameRange     '1.0.1',
31 silly addNameRange     '1.0.2',
31 silly addNameRange     '1.0.3',
31 silly addNameRange     '1.0.4',
31 silly addNameRange     '1.0.5',
31 silly addNameRange     '1.0.6',
31 silly addNameRange     '1.0.7' ] ]
32 silly addNamed getmac@1.0.7
33 verbose addNamed "1.0.7" is a plain semver version for getmac
34 silly mapToRegistry name getmac
35 silly mapToRegistry using default registry
36 silly mapToRegistry registry https://registry.npmjs.org/
37 silly mapToRegistry uri https://registry.npmjs.org/getmac
38 verbose addRemoteTarball https://registry.npmjs.org/getmac/-/getmac-1.0.7.tgz not in flight; adding
39 verbose addRemoteTarball [ 'https://registry.npmjs.org/getmac/-/getmac-1.0.7.tgz',
39 verbose addRemoteTarball   '94460f9778698d2e159a03da6c165689f22cdd67' ]
40 info retry fetch attempt 1 at 11:48:22
41 info attempt registry request try #1 at 11:48:22
42 http fetch GET https://registry.npmjs.org/getmac/-/getmac-1.0.7.tgz
43 http fetch 200 https://registry.npmjs.org/getmac/-/getmac-1.0.7.tgz
44 silly fetchAndShaCheck shasum 94460f9778698d2e159a03da6c165689f22cdd67
45 verbose addTmpTarball /tmp/npm-11217-9ed91d48/registry.npmjs.org/getmac/-/getmac-1.0.7.tgz not in flight; adding
46 verbose addTmpTarball already have metadata; skipping unpack for getmac@1.0.7
47 silly cache afterAdd getmac@1.0.7
48 verbose afterAdd /home/kjartan/.npm/getmac/1.0.7/package/package.json not in flight; writing
49 verbose afterAdd /home/kjartan/.npm/getmac/1.0.7/package/package.json written
50 silly install resolved [ { name: 'getmac',
50 silly install resolved     version: '1.0.7',
50 silly install resolved     description: 'Get the mac address of the current machine you are on',
50 silly install resolved     homepage: 'https://github.com/bevry/getmac',
50 silly install resolved     license: { type: 'MIT' },
50 silly install resolved     badges:
50 silly install resolved      { travis: true,
50 silly install resolved        npm: true,
50 silly install resolved        npmdownloads: true,
50 silly install resolved        david: true,
50 silly install resolved        daviddev: true,
50 silly install resolved        gratipay: 'bevry',
50 silly install resolved        flattr: '344188/balupton-on-Flattr',
50 silly install resolved        paypal: 'QB8GQPZAH84N6',
50 silly install resolved        bitcoin: 'https://coinbase.com/checkouts/9ef59f5479eec1d97d63382c9ebcb93a',
50 silly install resolved        wishlist: 'http://amzn.com/w/2F8TXKSNAFG4V' },
50 silly install resolved     keywords: [ 'mac', 'mac-address', 'ifconfig', 'ipconfig', 'getmac' ],
50 silly install resolved     author:
50 silly install resolved      { name: '2013+ Bevry Pty Ltd',
50 silly install resolved        email: 'us@bevry.me',
50 silly install resolved        url: 'http://bevry.me' },
50 silly install resolved     maintainers: [ [Object], [Object] ],
50 silly install resolved     contributors: [ [Object] ],
50 silly install resolved     bugs: { url: 'https://github.com/bevry/getmac/issues' },
50 silly install resolved     repository: { type: 'git', url: 'https://github.com/bevry/getmac.git' },
50 silly install resolved     engines: { node: '>=0.4' },
50 silly install resolved     dependencies: { 'extract-opts': '^2.2.0' },
50 silly install resolved     devDependencies:
50 silly install resolved      { 'coffee-script': '^1.9.1',
50 silly install resolved        chai: '^2.1.0',
50 silly install resolved        joe: '^1.6.0',
50 silly install resolved        'joe-reporter-console': '^1.2.1',
50 silly install resolved        projectz: '^0.5.0' },
50 silly install resolved     directories: { lib: './out/lib' },
50 silly install resolved     bin: { 'getmac-node': './bin/getmac-node' },
50 silly install resolved     scripts: { test: 'node ./out/test/everything-test.js' },
50 silly install resolved     main: './out/lib/getmac',
50 silly install resolved     cakeConfiguration: { COFFEE_SRC_PATH: 'src' },
50 silly install resolved     gitHead: '5be1839527961abfd8312e9809df953223c0ae5c',
50 silly install resolved     _id: 'getmac@1.0.7',
50 silly install resolved     _shasum: '94460f9778698d2e159a03da6c165689f22cdd67',
50 silly install resolved     _from: 'getmac@*',
50 silly install resolved     _npmVersion: '2.6.1',
50 silly install resolved     _nodeVersion: '0.12.0',
50 silly install resolved     _npmUser: { name: 'stephenbrown2', email: 'Stephen.Brown2+npm@gmail.com' },
50 silly install resolved     dist:
50 silly install resolved      { shasum: '94460f9778698d2e159a03da6c165689f22cdd67',
50 silly install resolved        tarball: 'http://registry.npmjs.org/getmac/-/getmac-1.0.7.tgz' },
50 silly install resolved     _resolved: 'https://registry.npmjs.org/getmac/-/getmac-1.0.7.tgz' } ]
51 info install getmac@1.0.7 into /home/kjartan/projects/overskya
52 info installOne getmac@1.0.7
53 verbose installOne of getmac to /home/kjartan/projects/overskya not in flight; installing
54 warn locking Error: EACCES, open '/home/kjartan/.npm/_locks/getmac-724123a8a0769455.lock'
54 warn locking     at Error (native)
54 warn locking  /home/kjartan/.npm/_locks/getmac-724123a8a0769455.lock failed { [Error: EACCES, open '/home/kjartan/.npm/_locks/getmac-724123a8a0769455.lock']
54 warn locking   errno: -13,
54 warn locking   code: 'EACCES',
54 warn locking   path: '/home/kjartan/.npm/_locks/getmac-724123a8a0769455.lock' }
55 verbose stack Error: Attempt to unlock /home/kjartan/projects/overskya/node_modules/getmac, which hasn't been locked
55 verbose stack     at unlock (/usr/local/lib/node_modules/npm/lib/utils/locker.js:66:11)
55 verbose stack     at cb (/usr/local/lib/node_modules/npm/lib/install.js:1017:5)
55 verbose stack     at /usr/local/lib/node_modules/npm/lib/install.js:1021:20
55 verbose stack     at /usr/local/lib/node_modules/npm/lib/utils/locker.js:40:9
55 verbose stack     at cb (/usr/local/lib/node_modules/npm/node_modules/lockfile/lockfile.js:149:38)
55 verbose stack     at /usr/local/lib/node_modules/npm/node_modules/lockfile/lockfile.js:177:38
55 verbose stack     at FSReqWrap.oncomplete (fs.js:95:15)
56 verbose cwd /home/kjartan/projects/overskya/app
57 error Linux 3.16.0-46-generic
58 error argv "/usr/local/bin/node" "/usr/local/bin/npm" "install" "--save" "getmac"
59 error node v0.12.5
60 error npm  v2.11.2
61 error Attempt to unlock /home/kjartan/projects/overskya/node_modules/getmac, which hasn't been locked
62 error If you need help, you may report this error at:
62 error     <https://github.com/npm/npm/issues>
63 verbose exit [ 1, true ]
